        -:    0:Source:/home/cyxy/files/access/cdata/version/v274/test_data/defect_root/source/tcas.c
        -:    0:Graph:/home/cyxy/files/access/cdata/version/v274/test_data/defect_root/source/tcas.gcno
        -:    0:Data:/home/cyxy/files/access/cdata/version/v274/test_data/defect_root/source/tcas.gcda
        -:    0:Runs:6
        -:    1:#include<stdio.h>
        6:    2:int main(int argc, char *argv[]) {
        6:    3:	long long int i,j,k,l,n,m,ans = 0,a[3];
        6:    4:	scanf("%lld%lld%lld",&a[0],&a[1],&a[2]);
       18:    5:	for(i=2;i>0;i--)
       30:    6:		for(j=0;j<i;j++)
       18:    7:			if(a[j] > a[j+1]) {
        8:    8:				k = a[j];
        8:    9:				a[j] = a[j+1];
        8:   10:				a[j+1] = k;
        -:   11:			}
        6:   12:	if(a[2] > a[1])
        6:   13:		if(2*a[0] >= a[2]-a[1]) {
    #####:   14:			ans += (a[2]-a[1])/2;
    #####:   15:			a[0] -= (a[2]-a[1])/2;
    #####:   16:			a[2] -= 2*((a[2]-a[1])/2);
        -:   17:		}
        -:   18:		else {
        6:   19:			ans += a[0];
        6:   20:			a[2] -= 2*a[0];
        6:   21:			a[0] = 0;
        -:   22:		}
        6:   23:	if(a[0] > 0) {
    #####:   24:		ans += a[0];
    #####:   25:		a[1] -= a[0];
    #####:   26:		a[2] -= a[0];
    #####:   27:		a[0] = 0;
        -:   28:	}
        6:   29:	if(2*a[1] <= a[2])
    #####:   30:		printf("%lld\n",ans+a[1]);
        -:   31:	else
        6:   32:		printf("%lld\n",ans+(a[1]+a[2])/3);
        6:   33:	return 0;
        -:   34:}
