        -:    0:Source:/home/cyxy/files/access/cdata/version/v152/test_data/defect_root/source/tcas.c
        -:    0:Graph:/home/cyxy/files/access/cdata/version/v152/test_data/defect_root/source/tcas.gcno
        -:    0:Data:/home/cyxy/files/access/cdata/version/v152/test_data/defect_root/source/tcas.gcda
        -:    0:Runs:3
        -:    1:#include <stdio.h>
        -:    2:
        -:    3:#define MAX(a, b) (a > b ? a : b)
        -:    4:#define MIN(a, b) (a < b ? a : b)
        -:    5:#define AV(a, b, c) ((MIN(a,c) < b && b < MAX(a,c)) ? b : ((MIN(b,c) < a && a < MAX(b,c)) ? a : c))
        -:    6:
        3:    7:int main(int argc, char *argv[]) {
        -:    8:    int n, a[100000], i, min, max;
        -:    9:
        3:   10:    scanf ("%d", &n);
        -:   11:
   300003:   12:    for (i = 0; i < n; i++)
   300000:   13:        scanf ("%d", &a[i]);
        -:   14:
        3:   15:    min = max = 1;
        -:   16:
       11:   17:    for (i = 0; i < n; i++) {
       11:   18:        if ((a[i] > a[min - 1] && a[i] < a[max - 1]) || (((a[i] >= a[max-1] && min > max) || (a[i] <= a[min-1] && max > min)) && max != min))
        -:   19:            break;
        8:   20:        if (a[i] > a[max-1]) max = i+1;
        8:   21:        if (a[i] < a[min-1]) min = i+1;
        -:   22:        //if (max - min > )
        -:   23:        //printf("%d %d\n", min, max);
        -:   24:    }
        -:   25:
        3:   26:    if (max != min && i < n)
       3*:   27:        printf("3\n%d %d %d\n", MIN(min, MIN(max, i+1)), AV(min, max, i+1), MAX(max, MAX(max, i+1)));
        -:   28:    else
    #####:   29:        printf("0\n");
        3:   30:    return 0;   
        -:   31:}
