        -:    0:Source:/home/cyxy/files/access/cdata/version/v337/test_data/defect_root/source/tcas.c
        -:    0:Graph:/home/cyxy/files/access/cdata/version/v337/test_data/defect_root/source/tcas.gcno
        -:    0:Data:/home/cyxy/files/access/cdata/version/v337/test_data/defect_root/source/tcas.gcda
        -:    0:Runs:4
        -:    1:#include<stdio.h>
        -:    2:#include<string.h>
        -:    3:char s[2001],c[2001];
        4:    4:int main(int argc, char *argv[])
        -:    5:{
        4:    6:    int i,j,min=1000000,temp;
        4:    7:    scanf("%s%s",s,c);
        4:    8:    int l=strlen(s),n=strlen(c);
      242:    9:    for(i=(-1*n);i<l;++i)
        -:   10:    {
      238:   11:        temp=0;
     8586:   12:        for(j=0;j<n;++j)
        -:   13:        {
     8348:   14:            if(i+j<0 || i+j>l || s[i+j]!=c[j])
     8145:   15:            ++temp;
        -:   16:        }
      238:   17:        min=min<temp?min:temp;
        -:   18:    }
        4:   19:    printf("%d",min);
        4:   20:    return 0;
        -:   21:}
