        -:    0:Source:/home/cyxy/files/access/cdata/version/v413/test_data/defect_root/source/tcas.c
        -:    0:Graph:/home/cyxy/files/access/cdata/version/v413/test_data/defect_root/source/tcas.gcno
        -:    0:Data:/home/cyxy/files/access/cdata/version/v413/test_data/defect_root/source/tcas.gcda
        -:    0:Runs:2
        -:    1:#include<stdio.h>
        -:    2:#include<string.h>
        2:    3:int main(int argc, char *argv[])
        -:    4:{
        -:    5:    char str[10];
        -:    6:    int k;
        2:    7:    scanf("%d",&k);
        2:    8:    scanf("%s",str);
       2*:    9:    if(k==8)printf("vaporeon\n");
       2*:   10:    else if(k==6)printf("espeon\n");
        -:   11:    else{
       2*:   12:        if(str[0]=='j'||str[1]=='o'||str[3]=='t')printf("jolteon\n");
       2*:   13:        else if(str[0]=='l'||str[1]=='e'||str[3]=='f')printf("leafeon\n");
       2*:   14:         else if(str[0]=='u'||str[1]=='m'||str[2]=='b')printf("umbreon\n");
       2*:   15:          else if(str[0]=='s'||str[1]=='y'||str[3]=='v')printf("sylveon\n");
    #####:   16:           else if(str[0]=='f'||str[3]=='r')printf("flareon\n");
        -:   17:        else
    #####:   18:            printf("glaceon\n");
        -:   19:
        -:   20:    }
        2:   21:return 0;
        -:   22:}
