        -:    0:Source:/home/cyxy/files/access/cdata/version/v48/test_data/defect_root/source/tcas.c
        -:    0:Graph:/home/cyxy/files/access/cdata/version/v48/test_data/defect_root/source/tcas.gcno
        -:    0:Data:/home/cyxy/files/access/cdata/version/v48/test_data/defect_root/source/tcas.gcda
        -:    0:Runs:3
        -:    1:#include <stdio.h>
        -:    2:#include <string.h>
        -:    3:#define MAXKINGS 500010
        -:    4:
        -:    5:int max (int a, int b);
        -:    6:
        -:    7:char dynasty[MAXKINGS][12];
        -:    8:int M[30][30];
        3:    9:int main(int argc, char *argv[]) {
        -:   10:	int i, j, k, n, ini, fim, length, maximum;
        -:   11:	
        3:   12:	scanf ("%d", &n);
       12:   13:	for (i = 0; i < n; i++)
        9:   14:		scanf ("%s", dynasty[i]);
        -:   15:	
       93:   16:	for (i = 0; i < 30; i++)
     2790:   17:		for (j = 0; j < 30; j++)
     2700:   18:			M[i][j] = 0;
        -:   19:	
       12:   20:	for (k = 0; k < n; k++) {
        9:   21:		ini = dynasty[k][0] - 'a';
        9:   22:		length = strlen(dynasty[k]);
        9:   23:		fim = dynasty[k][length-1] - 'a';
      279:   24:		for (i = 0; i < 30; i++)
      270:   25:			if (M[i][ini] > 0)
        3:   26:				M[i][fim] = max(M[i][ini]+length, M[i][fim]);
        9:   27:		M[ini][fim] = max(length, M[ini][fim]);
        -:   28:	}
        -:   29:	
        3:   30:	maximum = 0;
       93:   31:	for (i = 0; i < 30; i++)
       90:   32:		if (maximum < M[i][i])
        3:   33:			maximum = M[i][i];
        -:   34:	
        3:   35:	printf ("%d\n", maximum);
        -:   36:
        3:   37:	return 0;
        -:   38:}
        -:   39:
       12:   40:int max (int a, int b) {
       12:   41:	if (a > b)
       12:   42:		return a;
    #####:   43:	return b;
        -:   44:}
