        -:    0:Source:E:/Prgorams/Python/access/cdata/version/v100/test_data/defect_root/source/tcas.c
        -:    0:Graph:tcas.gcno
        -:    0:Data:tcas.gcda
        -:    0:Runs:7
        -:    1:#include<stdio.h>
        7:    2:int main(int argc, char *argv[])
        -:    3:{
        7:    4:    int n,i,num=0,he=0,ok=0,min=9999999;
        7:    5:    scanf("%d",&n);
       68:    6:    for(i=0;i<2*n-1;i++)
        -:    7:    {
        -:    8:        int a;
       61:    9:        scanf("%d",&a);
       61:   10:        if(a<0){num++;a=-a;}
      61*:   11:        if(a==0)ok=1;
       61:   12:        he+=a;
       61:   13:        if(a<min)min=a;
        -:   14:    }
       7*:   15:    if(ok==1)printf("%d",he);
       7*:   16:    else if(num%2==0)printf("%d",he);
       7*:   17:    else if(num>n&&(num-n)%2==0)printf("%d",he);
       7*:   18:    else if(n>=num&&(n-num)%2==0)printf("%d",he);
        7:   19:    else printf("%d",he-2*min);
        7:   20:    return 0;
        -:   21:}
