        -:    0:Source:/home/cyxy/files/access/cdata/version/v61/test_data/defect_root/source/tcas.c
        -:    0:Graph:/home/cyxy/files/access/cdata/version/v61/test_data/defect_root/source/tcas.gcno
        -:    0:Data:/home/cyxy/files/access/cdata/version/v61/test_data/defect_root/source/tcas.gcda
        -:    0:Runs:2
        -:    1:#include <stdio.h>
        2:    2:int main(int argc, char *argv[])
        -:    3:{
        -:    4:	int k;
        2:    5:	scanf("%d",&k);
        2:    6:	if(k==0)
        -:    7:	{
    #####:    8:		printf("+------------------------+\n");
    #####:    9:		printf("|#.#.#.#.#.#.#.#.#.#.#.|D|)\n");
    #####:   10:		printf("|#.#.#.#.#.#.#.#.#.#.#.|.|\n");
    #####:   11:		printf("|#.......................|\n");
    #####:   12:		printf("|#.#.#.#.#.#.#.#.#.#.#.|.|)\n");
    #####:   13:		printf("+------------------------+");
        -:   14:	}
        2:   15:	else if(k==1)
        -:   16:	{
    #####:   17:		printf("+------------------------+\n");
    #####:   18:		printf("|O.#.#.#.#.#.#.#.#.#.#.|D|)\n");
    #####:   19:		printf("|#.#.#.#.#.#.#.#.#.#.#.|.|\n");
    #####:   20:		printf("|#.......................|\n");
    #####:   21:		printf("|#.#.#.#.#.#.#.#.#.#.#.|.|)\n");
    #####:   22:		printf("+------------------------+");
        -:   23:	}
        2:   24:	else if(k==2)
        -:   25:	{
    #####:   26:		printf("+------------------------+\n");
    #####:   27:		printf("|O.#.#.#.#.#.#.#.#.#.#.|D|)\n");
    #####:   28:		printf("|O.#.#.#.#.#.#.#.#.#.#.|.|\n");
    #####:   29:		printf("|#.......................|\n");
    #####:   30:		printf("|#.#.#.#.#.#.#.#.#.#.#.|.|)\n");
    #####:   31:		printf("+------------------------+");
        -:   32:	}
        2:   33:	else if(k==3)
        -:   34:	{
    #####:   35:		printf("+------------------------+\n");
    #####:   36:		printf("|O.#.#.#.#.#.#.#.#.#.#.|D|)\n");
    #####:   37:		printf("|O.#.#.#.#.#.#.#.#.#.#.|.|\n");
    #####:   38:		printf("|O.......................|\n");
    #####:   39:		printf("|#.#.#.#.#.#.#.#.#.#.#.|.|)\n");
    #####:   40:		printf("+------------------------+");
        -:   41:	}
        2:   42:	else if(k==4)
        -:   43:	{
    #####:   44:		printf("+------------------------+\n");
    #####:   45:		printf("|O.#.#.#.#.#.#.#.#.#.#.|D|)\n");
    #####:   46:		printf("|O.#.#.#.#.#.#.#.#.#.#.|.|\n");
    #####:   47:		printf("|O.......................|\n");
    #####:   48:		printf("|O.#.#.#.#.#.#.#.#.#.#.|.|)\n");
    #####:   49:		printf("+------------------------+");
        -:   50:	}
        2:   51:	else if(k==5)
        -:   52:	{
    #####:   53:		printf("+------------------------+\n");
    #####:   54:		printf("|O.O.#.#.#.#.#.#.#.#.#.|D|)\n");
    #####:   55:		printf("|O.#.#.#.#.#.#.#.#.#.#.|.|\n");
    #####:   56:		printf("|O.......................|\n");
    #####:   57:		printf("|O.#.#.#.#.#.#.#.#.#.#.|.|)\n");
    #####:   58:		printf("+------------------------+");
        -:   59:	}
        2:   60:	else if(k==6)
        -:   61:	{
    #####:   62:		printf("+------------------------+\n");
    #####:   63:		printf("|O.O.#.#.#.#.#.#.#.#.#.|D|)\n");
    #####:   64:		printf("|O.O.#.#.#.#.#.#.#.#.#.|.|\n");
    #####:   65:		printf("|O.......................|\n");
    #####:   66:		printf("|O.#.#.#.#.#.#.#.#.#.#.|.|)\n");
    #####:   67:		printf("+------------------------+");
        -:   68:	}
        2:   69:	else if(k==7)
        -:   70:	{
    #####:   71:		printf("+------------------------+\n");
    #####:   72:		printf("|O.O.#.#.#.#.#.#.#.#.#.|D|)\n");
    #####:   73:		printf("|O.O.#.#.#.#.#.#.#.#.#.|.|\n");
    #####:   74:		printf("|O.......................|\n");
    #####:   75:		printf("|O.O.#.#.#.#.#.#.#.#.#.|.|)\n");
    #####:   76:		printf("+------------------------+");
        -:   77:	}
        2:   78:	else if(k==8)
        -:   79:	{
    #####:   80:		printf("+------------------------+\n");
    #####:   81:		printf("|O.O.O.#.#.#.#.#.#.#.#.|D|)\n");
    #####:   82:		printf("|O.O.#.#.#.#.#.#.#.#.#.|.|\n");
    #####:   83:		printf("|O.......................|\n");
    #####:   84:		printf("|O.O.#.#.#.#.#.#.#.#.#.|.|)\n");
    #####:   85:		printf("+------------------------+");
        -:   86:	}
        2:   87:	else if(k==9)
        -:   88:	{
    #####:   89:		printf("+------------------------+\n");
    #####:   90:		printf("|O.O.O.#.#.#.#.#.#.#.#.|D|)\n");
    #####:   91:		printf("|O.O.O.#.#.#.#.#.#.#.#.|.|\n");
    #####:   92:		printf("|O.......................|\n");
    #####:   93:		printf("|O.O.#.#.#.#.#.#.#.#.#.|.|)\n");
    #####:   94:		printf("+------------------------+");
        -:   95:	}
        2:   96:	else if(k==10)
        -:   97:	{
    #####:   98:		printf("+------------------------+\n");
    #####:   99:		printf("|O.O.O.#.#.#.#.#.#.#.#.|D|)\n");
    #####:  100:		printf("|O.O.O.#.#.#.#.#.#.#.#.|.|\n");
    #####:  101:		printf("|O.......................|\n");
    #####:  102:		printf("|O.O.O.#.#.#.#.#.#.#.#.|.|)\n");
    #####:  103:		printf("+------------------------+");
        -:  104:	}
        2:  105:	else if(k==11)
        -:  106:	{
    #####:  107:		printf("+------------------------+\n");
    #####:  108:		printf("|O.O.O.O.#.#.#.#.#.#.#.|D|)\n");
    #####:  109:		printf("|O.O.O.#.#.#.#.#.#.#.#.|.|\n");
    #####:  110:		printf("|O.......................|\n");
    #####:  111:		printf("|O.O.O.#.#.#.#.#.#.#.#.|.|)\n");
    #####:  112:		printf("+------------------------+");
        -:  113:	}
        2:  114:	else if(k==12)
        -:  115:	{
    #####:  116:		printf("+------------------------+\n");
    #####:  117:		printf("|O.O.O.O.#.#.#.#.#.#.#.|D|)\n");
    #####:  118:		printf("|O.O.O.O.#.#.#.#.#.#.#.|.|\n");
    #####:  119:		printf("|O.......................|\n");
    #####:  120:		printf("|O.O.O.#.#.#.#.#.#.#.#.|.|)\n");
    #####:  121:		printf("+------------------------+");
        -:  122:	}
        2:  123:	else if(k==13)
        -:  124:	{
    #####:  125:		printf("+------------------------+\n");
    #####:  126:		printf("|O.O.O.O.#.#.#.#.#.#.#.|D|)\n");
    #####:  127:		printf("|O.O.O.O.#.#.#.#.#.#.#.|.|\n");
    #####:  128:		printf("|O.......................|\n");
    #####:  129:		printf("|O.O.O.O.#.#.#.#.#.#.#.|.|)\n");
    #####:  130:		printf("+------------------------+");
        -:  131:	}
        2:  132:	else if(k==14)
        -:  133:	{
    #####:  134:		printf("+------------------------+\n");
    #####:  135:		printf("|O.O.O.O.O.#.#.#.#.#.#.|D|)\n");
    #####:  136:		printf("|O.O.O.O.#.#.#.#.#.#.#.|.|\n");
    #####:  137:		printf("|O.......................|\n");
    #####:  138:		printf("|O.O.O.O.#.#.#.#.#.#.#.|.|)\n");
    #####:  139:		printf("+------------------------+");
        -:  140:	}
        2:  141:	else if(k==15)
        -:  142:	{
    #####:  143:		printf("+------------------------+\n");
    #####:  144:		printf("|O.O.O.O.O.#.#.#.#.#.#.|D|)\n");
    #####:  145:		printf("|O.O.O.O.O.#.#.#.#.#.#.|.|\n");
    #####:  146:		printf("|O.......................|\n");
    #####:  147:		printf("|O.O.O.O.#.#.#.#.#.#.#.|.|)\n");
    #####:  148:		printf("+------------------------+");
        -:  149:	}
        2:  150:	else if(k==16)
        -:  151:	{
    #####:  152:		printf("+------------------------+\n");
    #####:  153:		printf("|O.O.O.O.O.#.#.#.#.#.#.|D|)\n");
    #####:  154:		printf("|O.O.O.O.O.#.#.#.#.#.#.|.|\n");
    #####:  155:		printf("|O.......................|\n");
    #####:  156:		printf("|O.O.O.O.O.#.#.#.#.#.#.|.|)\n");
    #####:  157:		printf("+------------------------+");
        -:  158:	}
        2:  159:	else if(k==17)
        -:  160:	{
    #####:  161:		printf("+------------------------+\n");
    #####:  162:		printf("|O.O.O.O.O.O.#.#.#.#.#.|D|)\n");
    #####:  163:		printf("|O.O.O.O.O.#.#.#.#.#.#.|.|\n");
    #####:  164:		printf("|O.......................|\n");
    #####:  165:		printf("|O.O.O.O.O.#.#.#.#.#.#.|.|)\n");
    #####:  166:		printf("+------------------------+");
        -:  167:	}
        2:  168:	else if(k==18)
        -:  169:	{
    #####:  170:		printf("+------------------------+\n");
    #####:  171:		printf("|O.O.O.O.O.O.#.#.#.#.#.|D|)\n");
    #####:  172:		printf("|O.O.O.O.O.O.#.#.#.#.#.|.|\n");
    #####:  173:		printf("|O.......................|\n");
    #####:  174:		printf("|O.O.O.O.O.#.#.#.#.#.#.|.|)\n");
    #####:  175:		printf("+------------------------+");
        -:  176:	}
        2:  177:	else if(k==19)
        -:  178:	{
    #####:  179:		printf("+------------------------+\n");
    #####:  180:		printf("|O.O.O.O.O.O.#.#.#.#.#.|D|)\n");
    #####:  181:		printf("|O.O.O.O.O.O.#.#.#.#.#.|.|\n");
    #####:  182:		printf("|O.......................|\n");
    #####:  183:		printf("|O.O.O.O.O.O.#.#.#.#.#.|.|)\n");
    #####:  184:		printf("+------------------------+");
        -:  185:	}
        2:  186:	else if(k==20)
        -:  187:	{
    #####:  188:		printf("+------------------------+\n");
    #####:  189:		printf("|O.O.O.O.O.O.O.#.#.#.#.|D|)\n");
    #####:  190:		printf("|O.O.O.O.O.O.#.#.#.#.#.|.|\n");
    #####:  191:		printf("|O.......................|\n");
    #####:  192:		printf("|O.O.O.O.O.O.#.#.#.#.#.|.|)\n");
    #####:  193:		printf("+------------------------+");
        -:  194:	}
        2:  195:	else if(k==21)
        -:  196:	{
    #####:  197:		printf("+------------------------+\n");
    #####:  198:		printf("|O.O.O.O.O.O.O.#.#.#.#.|D|)\n");
    #####:  199:		printf("|O.O.O.O.O.O.O.#.#.#.#.|.|\n");
    #####:  200:		printf("|O.......................|\n");
    #####:  201:		printf("|O.O.O.O.O.O.#.#.#.#.#.|.|)\n");
    #####:  202:		printf("+------------------------+");
        -:  203:	}
        2:  204:	else if(k==22)
        -:  205:	{
    #####:  206:		printf("+------------------------+\n");
    #####:  207:		printf("|O.O.O.O.O.O.O.#.#.#.#.|D|)\n");
    #####:  208:		printf("|O.O.O.O.O.O.O.#.#.#.#.|.|\n");
    #####:  209:		printf("|O.......................|\n");
    #####:  210:		printf("|O.O.O.O.O.O.O.#.#.#.#.|.|)\n");
    #####:  211:		printf("+------------------------+");
        -:  212:	}
        2:  213:	else if(k==23)
        -:  214:	{
    #####:  215:		printf("+------------------------+\n");
    #####:  216:		printf("|O.O.O.O.O.O.O.O.#.#.#.|D|)\n");
    #####:  217:		printf("|O.O.O.O.O.O.O.#.#.#.#.|.|\n");
    #####:  218:		printf("|O.......................|\n");
    #####:  219:		printf("|O.O.O.O.O.O.O.#.#.#.#.|.|)\n");
    #####:  220:		printf("+------------------------+");
        -:  221:	}
        2:  222:	else if(k==24)
        -:  223:	{
    #####:  224:		printf("+------------------------+\n");
    #####:  225:		printf("|O.O.O.O.O.O.O.O.#.#.#.|D|)\n");
    #####:  226:		printf("|O.O.O.O.O.O.O.O.#.#.#.|.|\n");
    #####:  227:		printf("|O.......................|\n");
    #####:  228:		printf("|O.O.O.O.O.O.O.#.#.#.#.|.|)\n");
    #####:  229:		printf("+------------------------+");
        -:  230:	}
        2:  231:	else if(k==25)
        -:  232:	{
    #####:  233:		printf("+------------------------+\n");
    #####:  234:		printf("|O.O.O.O.O.O.O.O.#.#.#.|D|)\n");
    #####:  235:		printf("|O.O.O.O.O.O.O.O.#.#.#.|.|\n");
    #####:  236:		printf("|O.......................|\n");
    #####:  237:		printf("|O.O.O.O.O.O.O.O.#.#.#.|.|)\n");
    #####:  238:		printf("+------------------------+");
        -:  239:	}
        2:  240:	else if(k==26)
        -:  241:	{
    #####:  242:		printf("+------------------------+\n");
    #####:  243:		printf("|O.O.O.O.O.O.O.O.O.#.#.|D|)\n");
    #####:  244:		printf("|O.O.O.O.O.O.O.O.#.#.#.|.|\n");
    #####:  245:		printf("|O.......................|\n");
    #####:  246:		printf("|O.O.O.O.O.O.O.O.#.#.#.|.|)\n");
    #####:  247:		printf("+------------------------+");
        -:  248:	}
        2:  249:	else if(k==27)
        -:  250:	{
    #####:  251:		printf("+------------------------+\n");
    #####:  252:		printf("|O.O.O.O.O.O.O.O.O.#.#.|D|)\n");
    #####:  253:		printf("|O.O.O.O.O.O.O.O.O.#.#.|.|\n");
    #####:  254:		printf("|O.......................|\n");
    #####:  255:		printf("|O.O.O.O.O.O.O.O.#.#.#.|.|)\n");
    #####:  256:		printf("+------------------------+");
        -:  257:	}
        2:  258:	else if(k==28)
        -:  259:	{
    #####:  260:		printf("+------------------------+\n");
    #####:  261:		printf("|O.O.O.O.O.O.O.O.O.#.#.|D|)\n");
    #####:  262:		printf("|O.O.O.O.O.O.O.O.O.#.#.|.|\n");
    #####:  263:		printf("|O.......................|\n");
    #####:  264:		printf("|O.O.O.O.O.O.O.O.O.#.#.|.|)\n");
    #####:  265:		printf("+------------------------+");
        -:  266:	}
        2:  267:	else if(k==29)
        -:  268:	{
    #####:  269:		printf("+------------------------+\n");
    #####:  270:		printf("|O.O.O.O.O.O.O.O.O.O.#.|D|)\n");
    #####:  271:		printf("|O.O.O.O.O.O.O.O.O.#.#.|.|\n");
    #####:  272:		printf("|O.......................|\n");
    #####:  273:		printf("|O.O.O.O.O.O.O.O.O.#.#.|.|)\n");
    #####:  274:		printf("+------------------------+");
        -:  275:	}
        2:  276:	else if(k==30)
        -:  277:	{
    #####:  278:		printf("+------------------------+\n");
    #####:  279:		printf("|O.O.O.O.O.O.O.O.O.O.#.|D|)\n");
    #####:  280:		printf("|O.O.O.O.O.O.O.O.O.O.#.|.|\n");
    #####:  281:		printf("|O.......................|\n");
    #####:  282:		printf("|O.O.O.O.O.O.O.O.O.#.#.|.|)\n");
    #####:  283:		printf("+------------------------+");
        -:  284:	}
        2:  285:	else if(k==31)
        -:  286:	{
    #####:  287:		printf("+------------------------+\n");
    #####:  288:		printf("|O.O.O.O.O.O.O.O.O.O.#.|D|)\n");
    #####:  289:		printf("|O.O.O.O.O.O.O.O.O.O.#.|.|\n");
    #####:  290:		printf("|O.......................|\n");
    #####:  291:		printf("|O.O.O.O.O.O.O.O.O.O.#.|.|)\n");
    #####:  292:		printf("+------------------------+");
        -:  293:	}
        2:  294:	else if(k==32)
        -:  295:	{
        2:  296:		printf("+------------------------+\n");
        2:  297:		printf("|O.O.O.O.O.O.O.O.O.O.O.|D|)\n");
        2:  298:		printf("|O.O.O.O.O.O.O.O.O.O.#.|.|\n");
        2:  299:		printf("|O.......................|\n");
        2:  300:		printf("|O.O.O.O.O.O.O.O.O.O.#.|.|)\n");
        2:  301:		printf("+------------------------+\n");
        -:  302:	}
    #####:  303:	else if(k==33)
        -:  304:	{
    #####:  305:		printf("+------------------------+\n");
    #####:  306:		printf("|O.O.O.O.O.O.O.O.O.O.O.|D|)\n");
    #####:  307:		printf("|O.O.O.O.O.O.O.O.O.O.O.|.|\n");
    #####:  308:		printf("|O.......................|\n");
    #####:  309:		printf("|O.O.O.O.O.O.O.O.O.O.#.|.|)\n");
    #####:  310:		printf("+------------------------+");
        -:  311:	}
    #####:  312:	else if(k==34)
        -:  313:	{
    #####:  314:		printf("+------------------------+\n");
    #####:  315:		printf("|O.O.O.O.O.O.O.O.O.O.O.|D|)\n");
    #####:  316:		printf("|O.O.O.O.O.O.O.O.O.O.O.|.|\n");
    #####:  317:		printf("|O.......................|\n");
    #####:  318:		printf("|O.O.O.O.O.O.O.O.O.O.O.|.|)\n");
    #####:  319:		printf("+------------------------+");
        -:  320:	}
        2:  321:	return 0;
        -:  322:}
