        -:    0:Source:/home/cyxy/files/access/cdata/version/v290/test_data/defect_root/source/tcas.c
        -:    0:Graph:/home/cyxy/files/access/cdata/version/v290/test_data/defect_root/source/tcas.gcno
        -:    0:Data:/home/cyxy/files/access/cdata/version/v290/test_data/defect_root/source/tcas.gcda
        -:    0:Runs:7
        -:    1:#include <stdio.h>
        -:    2:#include <stdlib.h>
        -:    3:#include <math.h>
        7:    4:int main(int argc, char *argv[]){
        7:    5:    int n,m,i,s=0,t=0,a,b,result;
        -:    6:    int *x;
        7:    7:    scanf("%d%d",&n,&m);
        7:    8:    x=malloc(sizeof(int)*n);
       54:    9:    for(i=0;i<n;i++){
       47:   10:        scanf("%d",&x[i]);
       47:   11:        if(x[i]==1){
       19:   12:            s++;
        -:   13:        }
        -:   14:        else{
       28:   15:            t++;
        -:   16:        }
        -:   17:    }
       54:   18:    for(i=0;i<m;i++){
       47:   19:        scanf("%d%d",&a,&b);
       47:   20:        if((a-b)%2 && ((b-a+1)/2<=s&&(b-a+1)/2<=t)){
        8:   21:            result=1;
        -:   22:        }
        -:   23:        else{
       39:   24:            result=0;
        -:   25:        }
       47:   26:        printf("%d\n",result);
        -:   27:    }
        7:   28:   return 0;
        -:   29:}
