        -:    0:Source:/home/cyxy/files/access/cdata/version/v18/test_data/defect_root/source/tcas.c
        -:    0:Graph:/home/cyxy/files/access/cdata/version/v18/test_data/defect_root/source/tcas.gcno
        -:    0:Data:/home/cyxy/files/access/cdata/version/v18/test_data/defect_root/source/tcas.gcda
        -:    0:Runs:4
        -:    1:#include<stdio.h>
        -:    2:
        -:    3:int x[1000010],y[100010],home[100010],away[100010];
        4:    4:int main(int argc, char *argv[])
        -:    5:{
        -:    6:        int c,n,hm,aw;
        4:    7:        scanf("%d",&n);
       32:    8:        for(c=0;c<n;c++)
        -:    9:        {
       28:   10:                scanf("%d %d",&x[c],&y[c]);
       28:   11:                home[x[c]]++;
        -:   12:        }
       32:   13:        for(c=0;c<n;c++)
        -:   14:        {
       28:   15:                hm=n-1;
       28:   16:                hm+=home[y[c]];
       28:   17:                aw=2*(n-1)-hm;
       28:   18:                printf("%d %d\n",hm,aw);
        -:   19:        }
        4:   20:        return 0;
        -:   21:}
