        -:    0:Source:/home/cyxy/files/access/cdata/version/v246/test_data/defect_root/source/tcas.c
        -:    0:Graph:/home/cyxy/files/access/cdata/version/v246/test_data/defect_root/source/tcas.gcno
        -:    0:Data:/home/cyxy/files/access/cdata/version/v246/test_data/defect_root/source/tcas.gcda
        -:    0:Runs:6
        -:    1:#include <stdio.h>
        -:    2:#include <stdlib.h>
        -:    3:
        6:    4:int main(int argc, char *argv[])
        -:    5:{
        -:    6:    int z,i,n,k,m;
        6:    7:    scanf("%d",&k);
        6:    8:    scanf("%d",&m);
        6:    9:    n=m+k+1;
       6*:   10:if(m==0){for(i=1;i<=n;i++){printf("%d%c",i,(i==n)?'\n':' ');}return 0;
        -:   11:
        -:   12:}
       6*:   13:if(k==0){for(i=n;i>=1;i--){printf("%d%c",i,(i==1)?'\n':' ');}return 0 ;}
       6*:   14:if(k>=m){z=m;for(i=1;i<=n;i++){
    #####:   15:    printf("%d ",i);
    #####:   16:    if(z!=0){i+=z;z=0;}
        -:   17:}
    #####:   18:for(i=1+m;i>=2;i--){printf("%d%c",i,(i==2)?'\n':' ');}
        -:   19: }
   194222:   20: if(k<m){z=k;for(i=n;i>=1;i--){
   194216:   21:    printf("%d ",i);
   194216:   22:    if(z!=0){i-=z;z=0;}
        -:   23:}
    31982:   24:for(i=n-k;i<n;i++){printf("%d%c",i,(i==n-1)?'\n':' ');}
        -:   25: }
        6:   26:    return 0;
        -:   27:}
