        -:    0:Source:/home/cyxy/files/access/cdata/version/v169/test_data/defect_root/source/tcas.c
        -:    0:Graph:/home/cyxy/files/access/cdata/version/v169/test_data/defect_root/source/tcas.gcno
        -:    0:Data:/home/cyxy/files/access/cdata/version/v169/test_data/defect_root/source/tcas.gcda
        -:    0:Runs:4
        -:    1:#include<stdio.h>
    #####:    2:long long int gcd(long long int a,long long int b)
        -:    3:{
    #####:    4:if(b==0)
    #####:    5:return a;
        -:    6:else
    #####:    7:return gcd(b,a%b);
        -:    8:}
        4:    9:int main(int argc, char *argv[])
        -:   10:{
        -:   11:	long long int a,b,c,d,m,n,i,u,v,x,y,p,g;
        4:   12:	scanf("%lld %lld %lld %lld",&a,&b,&c,&d);
        4:   13:	if(a*d<c*b)
        -:   14:	{
    #####:   15:		u=a;v=b;x=c;y=d;
        -:   16:	}
        -:   17:	else
        -:   18:	{
        4:   19:		u=b;v=a;x=d;y=c;
        -:   20:	}
        4:   21:	u=u*x*y;
        4:   22:	v=v*x*y;
        4:   23:	p=(u/x)*y;
        4:   24:	p=v-p;
        4:   25:	if(p==0)
        4:   26:	printf("0/1");
        -:   27:	else
        -:   28:	{
    #####:   29:	g=gcd(p,v);
    #####:   30:	m=p/g;
    #####:   31:	n=v/g;
    #####:   32:	printf("%lld/%lld",m,n);}
        4:   33:	return 0;
        -:   34:}
