        -:    0:Source:/home/cyxy/files/access/cdata/version/v26/test_data/defect_root/source/tcas.c
        -:    0:Graph:/home/cyxy/files/access/cdata/version/v26/test_data/defect_root/source/tcas.gcno
        -:    0:Data:/home/cyxy/files/access/cdata/version/v26/test_data/defect_root/source/tcas.gcda
        -:    0:Runs:2
        -:    1:#include<stdio.h>
        -:    2:#include<math.h>
        -:    3:#define min(a,b) ((a)>(b)?(b):(a))
        -:    4:#define esp 1e-6
        -:    5:
        2:    6:int main(int argc, char *argv[])
        -:    7:{
        -:    8:    long long n,k;
        2:    9:    scanf("%lld%lld",&n,&k);
        2:   10:    n--,k--;
        2:   11:    if((1+k)*k/2<=n)
    #####:   12:        printf("%lld\n",(1+k)*k/2==n?k:-1);
        2:   13:    else if(n-k==1)
        2:   14:        printf("2\n");
        -:   15:    else
        -:   16:    {
    #####:   17:        double a=2*k+1,b=sqrt(a*a-8*n);
    #####:   18:        double ans=(a+b)/2;
    #####:   19:        double ans1=(a-b)/2;
    #####:   20:        ans=min(ans,ans1);
    #####:   21:        if(fabs(ans-floor(ans))<esp)
    #####:   22:        printf("%lld\n",(long long)(ans+0.5));
    #####:   23:        else if(fabs(ans-floor(ans))>0.5)
    #####:   24:            printf("%lld\n",(long long)ans+1);
    #####:   25:        else printf("%lld\n",(long long)(ans+0.5)+1);
        -:   26:    }
        2:   27:    return 0;
        -:   28:}
