        -:    0:Source:/home/cyxy/files/access/cdata/version/v453/test_data/defect_root/source/tcas.c
        -:    0:Graph:/home/cyxy/files/access/cdata/version/v453/test_data/defect_root/source/tcas.gcno
        -:    0:Data:/home/cyxy/files/access/cdata/version/v453/test_data/defect_root/source/tcas.gcda
        -:    0:Runs:12
        -:    1:#include <stdio.h>
        -:    2:#define MAX(i,j) i>j?i:j
        -:    3:
       12:    4:int main(int argc, char *argv[])
       12:    5:{
        -:    6:	int i,n,a,b,c;
       12:    7:	scanf("%d %d %d %d",&n,&a,&b,&c);
       12:    8:	int arr[n+1];
       12:    9:	arr[0]=0;
    21994:   10:	for(i=1;i<n+1;i++)
        -:   11:	{
    21982:   12:		arr[i]=-1000000000;
        -:   13:	}
    16426:   14:	for(i=a;i<n+1;i++)
        -:   15:	{
    16414:   16:		arr[i]=MAX(arr[i],arr[i-a]+1);
        -:   17:	}
    17124:   18:	for(i=b;i<n+1;i++)
        -:   19:	{
    17112:   20:		arr[i]=MAX(arr[i],arr[i-b]+1);
        -:   21:	}
     9820:   22:	for(i=c;i<n+1;i++)
        -:   23:	{
     9808:   24:		arr[i]=MAX(arr[i],arr[i-c]+1);
        -:   25:	}
       12:   26:	printf("%d\n",arr[n]);
       12:   27:	return 0;
        -:   28:}
