        -:    0:Source:/home/cyxy/files/access/cdata/version/v243/test_data/defect_root/source/tcas.c
        -:    0:Graph:/home/cyxy/files/access/cdata/version/v243/test_data/defect_root/source/tcas.gcno
        -:    0:Data:/home/cyxy/files/access/cdata/version/v243/test_data/defect_root/source/tcas.gcda
        -:    0:Runs:3
        -:    1:#include<stdio.h>
        -:    2:
        3:    3:int main(int argc, char *argv[])
        -:    4:{
        -:    5:    unsigned long long n,num5,num6,num7,k,arr[780];
     2316:    6:    for(n=7; n<=777; n++)
        -:    7:    {
     2313:    8:        k=(n*(n-1)*(n-2)*(n-3)*(n-4));
     2313:    9:        num5=k/120;
     2313:   10:        num6=(k*(n-5))/720;
     2313:   11:        num7=n*(n-1)/2*(n-2)/3*(n-3)/4*(n-4)/5*(n-5)/6*(n-6)/7;
     2313:   12:        arr[n]=num5+num6+num7;
        -:   13:    }
        6:   14:    while(scanf("%lld",&n)==1)
        -:   15:    {
        3:   16:        printf("%lld\n",arr[n]);
        -:   17:    }
        3:   18:    return 0;
        -:   19:}
