        -:    0:Source:/home/cyxy/files/access/cdata/version/v103/test_data/defect_root/source/tcas.c
        -:    0:Graph:/home/cyxy/files/access/cdata/version/v103/test_data/defect_root/source/tcas.gcno
        -:    0:Data:/home/cyxy/files/access/cdata/version/v103/test_data/defect_root/source/tcas.gcda
        -:    0:Runs:2
        -:    1:#include <stdio.h>
        -:    2:#include <stdlib.h>
        -:    3:
        2:    4:int main(int argc, char *argv[])
        -:    5:{
        -:    6:    int n,i;
        2:    7:    scanf("%d",&n);
        2:    8:    if (n>4)
        -:    9:    {
    #####:   10:        printf("%d\n",n);
    #####:   11:        for (i=1;i<=n;i+=2)
        -:   12:    {
    #####:   13:        printf ("%d ",i);
        -:   14:    }
    #####:   15:    for (i=2;i<=n;i+=2)
        -:   16:    {
    #####:   17:        printf ("%d ", i);
        -:   18:    }
        -:   19:    }
        2:   20:    if (n==4)
        -:   21:    {
        2:   22:        printf ("4\n3 1 4 2");
        -:   23:    }
        2:   24:    if (n==3)
        -:   25:    {
    #####:   26:        printf ("2\n1 3");
        -:   27:    }
        2:   28:    if (n==2 || n==1)
    #####:   29:        printf("1\n1");
        2:   30:    return 0;
        -:   31:}
