        -:    0:Source:/home/cyxy/files/access/cdata/version/v316/test_data/defect_root/source/tcas.c
        -:    0:Graph:/home/cyxy/files/access/cdata/version/v316/test_data/defect_root/source/tcas.gcno
        -:    0:Data:/home/cyxy/files/access/cdata/version/v316/test_data/defect_root/source/tcas.gcda
        -:    0:Runs:9
        -:    1:#include<stdio.h>
        -:    2:int fun(int);
        9:    3:int main(int argc, char *argv[])
        -:    4:{
        -:    5:    int s,n;
        9:    6:    scanf("%d",&n);
        9:    7:    if(n>=1000)
        -:    8:    {
        9:    9:        n=n+1;
        9:   10:        s=fun(n);
        9:   11:        printf("%d",s);
        -:   12:    }
        -:   13:    else
        -:   14:    {
    #####:   15:        printf("2013");
        -:   16:    }
        9:   17:    return 0;
        -:   18:}
       47:   19:int fun(int n)
        -:   20:{
        -:   21:    int s,a,b,c,d;
       47:   22:        s=n;
       47:   23:        d=s%10;
       47:   24:        s=s/10;
       47:   25:        c=s%10;
       47:   26:        s=s/10;
       47:   27:        b=s%10;
       47:   28:        s=s/10;
       47:   29:        a=s%10;
       47:   30:        if(a==b)
        -:   31:        {
        2:   32:            n=n/100;
        2:   33:            n++;
        2:   34:            n=n*100;
        2:   35:            fun(n);
        -:   36:        }
       45:   37:        else if(a==c)
        -:   38:        {
        3:   39:             n=n/10;
        3:   40:            n++;
        3:   41:            n=n*10;
        3:   42:            fun(n);
        -:   43:        }
       42:   44:        else if(a==d)
        -:   45:        {
       10:   46:          n++;
       10:   47:          fun(n);
        -:   48:        }
       32:   49:        else if(c==b)
        -:   50:        {
        6:   51:             n=n/10;
        6:   52:            n++;
        6:   53:            n=n*10;
        6:   54:            fun(n);
        -:   55:            
        -:   56:        }
       26:   57:        else if(d==b)
        -:   58:        {
        9:   59:            n++;
        9:   60:            fun(n);
        -:   61:        }
       17:   62:        else if(c==d)
        -:   63:        {
        8:   64:            n++;
        8:   65:            fun(n);   
        -:   66:        }
        -:   67:        else
        -:   68:        {
        9:   69:            return n;
        -:   70:        }
       38:   71:}
