        -:    0:Source:/home/cyxy/files/access/cdata/version/v265/test_data/defect_root/source/tcas.c
        -:    0:Graph:/home/cyxy/files/access/cdata/version/v265/test_data/defect_root/source/tcas.gcno
        -:    0:Data:/home/cyxy/files/access/cdata/version/v265/test_data/defect_root/source/tcas.gcda
        -:    0:Runs:15
        -:    1:#include<stdio.h>
       15:    2:int main(int argc, char *argv[])
        -:    3:{
        -:    4:	int i;
        -:    5:	char a[100];
       15:    6:	scanf("%s",a);
      988:    7:	for(i=0;a[i]!='\0';i++)
        -:    8:	{
      973:    9:		if(a[i]=='a' || a[i]=='A' || a[i]=='e' || a[i]=='E' || a[i]=='i' || a[i]=='I' || a[i]=='o' || a[i]=='O' || a[i]=='u' || a[i]=='U' || a[i]=='y' || a[i]=='Y')
      567:   10:		continue;
      406:   11:		if(a[i]>64 && a[i]<91)
      203:   12:		a[i]=a[i]+32;
      406:   13:		printf(".%c",*(a+i));
        -:   14:	}
       15:   15:	return 0;
        -:   16:}
