        -:    0:Source:/home/cyxy/files/access/cdata/version/v436/test_data/defect_root/source/tcas.c
        -:    0:Graph:/home/cyxy/files/access/cdata/version/v436/test_data/defect_root/source/tcas.gcno
        -:    0:Data:/home/cyxy/files/access/cdata/version/v436/test_data/defect_root/source/tcas.gcda
        -:    0:Runs:2
        -:    1:#include<stdio.h>
        -:    2:#include<stdlib.h>
       58:    3:int cmpfunc (const void * a, const void * b)
        -:    4:{
       58:    5:	   return ( *(int*)a - *(int*)b );
        -:    6:}
        2:    7:int main(int argc, char *argv[])
        -:    8:{
        -:    9:	int k,n,a[500004],i;
        2:   10:	scanf("%d",&n);
       26:   11:	for(i=0;i<n;i++)
       24:   12:		scanf("%d",&a[i]);
        2:   13:	qsort(a,n,sizeof(int),cmpfunc);
        2:   14:	int j=n;
        2:   15:	int m=0;
        2:   16:	int c=0;
        2:   17:	if(n%2==0)
        -:   18:	{
       14:   19:		for(i=n/2;i<n;i++)
        -:   20:		{
       12:   21:			if(a[i]>=2*a[m])
        -:   22:			{
       10:   23:				m++;
       10:   24:				j--;
        -:   25:			}
        -:   26:		}
        -:   27:	}
        -:   28:	else
        -:   29:	{
    #####:   30:		for(i=(n/2)+1;i<n;i++)
        -:   31:		{
    #####:   32:			if(a[i]>=2*a[m])
        -:   33:			{
    #####:   34:				m++;
    #####:   35:				j--;
        -:   36:			}
        -:   37:		}
        -:   38:	}
        -:   39:
        -:   40:
        2:   41:	printf("%d\n",j);
        2:   42:	return 0;
        -:   43:}
