        -:    0:Source:/home/cyxy/files/access/cdata/version/v190/test_data/defect_root/source/tcas.c
        -:    0:Graph:/home/cyxy/files/access/cdata/version/v190/test_data/defect_root/source/tcas.gcno
        -:    0:Data:/home/cyxy/files/access/cdata/version/v190/test_data/defect_root/source/tcas.gcda
        -:    0:Runs:25
        -:    1:#include<stdio.h>
        -:    2:#include<string.h>
       25:    3:int main(int argc, char *argv[])
        -:    4:{
       25:    5:    long long  int a,c,b,sum,check=0,itr=300,x,y=0;
       25:    6:    scanf("%lld %lld %lld",&a,&b,&c);
     7525:    7:    while(itr--)
        -:    8:    {
     7500:    9:        x=(c-(b*y))/a;
    7500*:   10:        if((a*x+b*y)==c&& x>=0&&y>=0)
        -:   11:        {
    #####:   12:            check=1;
        -:   13:            //printf("%lld %lld",x,y);
    #####:   14:            printf("Yes\n");
    #####:   15:            break;
        -:   16:        }
     7500:   17:        y++;
        -:   18:    }
       25:   19:    if(check==0)
        -:   20:    {
       25:   21:        printf("No\n");
        -:   22:    }
       25:   23:    return 0;
        -:   24:}
