        -:    0:Source:/home/cyxy/files/access/cdata/version/v252/test_data/defect_root/source/tcas.c
        -:    0:Graph:/home/cyxy/files/access/cdata/version/v252/test_data/defect_root/source/tcas.gcno
        -:    0:Data:/home/cyxy/files/access/cdata/version/v252/test_data/defect_root/source/tcas.gcda
        -:    0:Runs:8
        -:    1:#include<stdio.h>
        -:    2:#include<string.h>
        -:    3:#include<stdlib.h>
        -:    4:#include<math.h>
        -:    5:#include<time.h>
        -:    6:
        -:    7:#define ENKsort(a) int t=strlen(a),o;while(t--){for(i=0;i<x-1;i++)if(a[i]>a[i+1]){o=a[i];a[i]=a[i+1];a[i+1]=o;}}
        -:    8:#define R return 0;
        -:    9:#define ENsort(a) int h[1000000];for(i=0;i<=1000000;i++)while(h[i]){a[s++]=i;h[i]--;}
        -:   10:#define and &&
        -:   11:#define or ||
        -:   12:#define buyuk(a,b) (a<b)? b:a
        -:   13:#define kucuk(a,b) (a<b)? a:b
        8:   14:int main(int argc, char *argv[]){
        -:   15:	int x,arr[1000005],str[1000005],i,t,z,y;
        8:   16:	scanf("%d %d %d %d",&x,&y,&t,&z);
       65:   17:	for(i=0;i<x;i++)
       57:   18:		scanf("%d",&arr[i]);
       60:   19:	for(i=0;i<y;i++)
       52:   20:		scanf("%d",&str[i]);
        8:   21:	if(arr[t-1]>=str[y-z])
    #####:   22:		printf("NO");
        -:   23:	else
        8:   24:		printf("YES");
        8:   25:	return 0;
        -:   26:}
