        -:    0:Source:/home/cyxy/files/access/cdata/version/v163/test_data/defect_root/source/tcas.c
        -:    0:Graph:/home/cyxy/files/access/cdata/version/v163/test_data/defect_root/source/tcas.gcno
        -:    0:Data:/home/cyxy/files/access/cdata/version/v163/test_data/defect_root/source/tcas.gcda
        -:    0:Runs:8
        -:    1:#include <stdio.h>
        -:    2:
        -:    3:#define MOD 1000000007
        -:    4:
        8:    5:int main(int argc, char *argv[])
        -:    6:{
        8:    7:    int i, j, N, Num, Sum = 0, Ans = 1;
        -:    8:    int C[1001][1001];
     8016:    9:    for(i = 0; i < 1001; ++i) {
     8008:   10:        C[i][0] = 1;
  2012008:   11:        for(j = 1; j <= (i + 1) / 2; ++j) {
  2004000:   12:            C[i][j] = (C[i - 1][j - 1] + C[i - 1][j]) % MOD;
        -:   13:        }
  2008008:   14:        for(j = (i + 1) / 2 + 1; j <= i; ++j) {
  2000000:   15:            C[i][j] = C[i][i - j];
        -:   16:        }
        -:   17:    }
        8:   18:    scanf("%d", &N);
      132:   19:    for(i = 0; i < N; ++i) {
      124:   20:        scanf("%d", &Num);
      124:   21:        Sum += Num;
      124:   22:        if(i != 0) {
      116:   23:            Ans = ((long long)Ans * C[Sum - 1][Num - 1]) % MOD;
        -:   24:        }
        -:   25:    }
        8:   26:    printf("%d\n", Ans);
        8:   27:    return 0;
        -:   28:}
