        -:    0:Source:/home/cyxy/files/access/cdata/version/v329/test_data/defect_root/source/tcas.c
        -:    0:Graph:/home/cyxy/files/access/cdata/version/v329/test_data/defect_root/source/tcas.gcno
        -:    0:Data:/home/cyxy/files/access/cdata/version/v329/test_data/defect_root/source/tcas.gcda
        -:    0:Runs:6
        -:    1:#include<stdio.h>
        6:    2:int main(int argc, char *argv[])
        -:    3:{
        6:    4:	int n,i=1,j;
        6:    5:	scanf("%d",&n);
        6:    6:	j=n;
       36:    7:	for(j=1;j<n;j++)
        -:    8:	{
       30:    9:		i=(i+j)%n;
       30:   10:		if(i==0)
        7:   11:		i=n;
       30:   12:		printf("%d ",i);
        -:   13:	}
        6:   14:	return 0;
        -:   15:}
